(THU.CST) os is loading ...

Special kernel symbols:
  entry  0xc010002a (phys)
  etext  0xc0109c8a (phys)
  edata  0xc0124a90 (phys)
  end    0xc0127c18 (phys)
Kernel executable memory footprint: 159KB
ebp:0xc0123f38 eip:0xc01009e7 args:0x00010094 0x00000000 0xc0123f68 0xc01000d3 
    kern/debug/kdebug.c:308: print_stackframe+21
ebp:0xc0123f48 eip:0xc0100cd6 args:0x00000000 0x00000000 0x00000000 0xc0123fb8 
    kern/debug/kmonitor.c:129: mon_backtrace+10
ebp:0xc0123f68 eip:0xc01000d3 args:0x00000000 0xc0123f90 0xffff0000 0xc0123f94 
    kern/init/init.c:58: grade_backtrace2+33
ebp:0xc0123f88 eip:0xc01000fc args:0x00000000 0xffff0000 0xc0123fb4 0x0000002a 
    kern/init/init.c:63: grade_backtrace1+38
ebp:0xc0123fa8 eip:0xc010011a args:0x00000000 0xc010002a 0xffff0000 0x0000001d 
    kern/init/init.c:68: grade_backtrace0+23
ebp:0xc0123fc8 eip:0xc010013f args:0xc0109cbc 0xc0109ca0 0x00003188 0x00000000 
    kern/init/init.c:73: grade_backtrace+34
ebp:0xc0123ff8 eip:0xc010007f args:0x00000000 0x00000000 0x0000ffff 0x40cf9a00 
    kern/init/init.c:33: kern_init+84
memory management: default_pmm_manager
e820map:
  memory: 0009fc00, [00000000, 0009fbff], type = 1.
  memory: 00000400, [0009fc00, 0009ffff], type = 2.
  memory: 00010000, [000f0000, 000fffff], type = 2.
  memory: 07efe000, [00100000, 07ffdfff], type = 1.
  memory: 00002000, [07ffe000, 07ffffff], type = 2.
  memory: 00040000, [fffc0000, ffffffff], type = 2.
check_alloc_page() succeeded!
check_pgdir() succeeded!
check_boot_pgdir() succeeded!
-------------------- BEGIN --------------------
PDE(0e0) c0000000-f8000000 38000000 urw
  |-- PTE(38000) c0000000-f8000000 38000000 -rw
PDE(001) fac00000-fb000000 00400000 -rw
  |-- PTE(000e0) faf00000-fafe0000 000e0000 urw
  |-- PTE(00001) fafeb000-fafec000 00001000 -rw
--------------------- END ---------------------
use SLOB allocator
kmalloc_init() succeeded!
check_vma_struct() succeeded!
page fault at 0x00000100: K/W [no page found].
Do pgfaultcheck_pgfault() succeeded!
check_vmm() succeeded.
ide 0:      10000(sectors), 'QEMU HARDDISK'.
ide 1:     262144(sectors), 'QEMU HARDDISK'.
SWAP: manager = fifo swap manager
BEGIN check_swap: count 31986, total 31986
setup Page Table for vaddr 0X1000, so alloc a page
setup Page Table vaddr 0~4MB OVER!
set up init env for check_swap begin!
page fault at 0x00001000: K/W [no page found].
Do pgfaultpage fault at 0x00002000: K/W [no page found].
Do pgfaultpage fault at 0x00003000: K/W [no page found].
Do pgfaultpage fault at 0x00004000: K/W [no page found].
Do pgfaultset up init env for check_swap over!
write Virt Page c in fifo_check_swap
write Virt Page a in fifo_check_swap
write Virt Page d in fifo_check_swap
write Virt Page b in fifo_check_swap
write Virt Page e in fifo_check_swap
page fault at 0x00005000: K/W [no page found].
Do pgfaultswap_out: i 0, store page in vaddr 0x1000 to disk swap entry 2
write Virt Page b in fifo_check_swap
write Virt Page a in fifo_check_swap
page fault at 0x00001000: K/W [no page found].
Do pgfaultswap_out: i 0, store page in vaddr 0x2000 to disk swap entry 3
swap_in: load disk swap entry 2 with swap_page in vadr 0x1000
write Virt Page b in fifo_check_swap
page fault at 0x00002000: K/W [no page found].
Do pgfaultswap_out: i 0, store page in vaddr 0x3000 to disk swap entry 4
swap_in: load disk swap entry 3 with swap_page in vadr 0x2000
write Virt Page c in fifo_check_swap
page fault at 0x00003000: K/W [no page found].
Do pgfaultswap_out: i 0, store page in vaddr 0x4000 to disk swap entry 5
swap_in: load disk swap entry 4 with swap_page in vadr 0x3000
write Virt Page d in fifo_check_swap
page fault at 0x00004000: K/W [no page found].
Do pgfaultswap_out: i 0, store page in vaddr 0x5000 to disk swap entry 6
swap_in: load disk swap entry 5 with swap_page in vadr 0x4000
count is 5, total is 5
check_swap() succeeded!
++ setup timer interrupts
this initproc, pid = 1, name = "init"
To U: "Hello world!!".
To U: "en.., Bye, Bye. :)"
kernel panic at kern/process/proc.c:346:
    process exit!!.

Welcome to the kernel debug monitor!!
Type 'help' for a list of commands.
K> 