(THU.CST) os is loading ...

Special kernel symbols:
  entry  0x00100000 (phys)
  etext  0x001035f5 (phys)
  edata  0x0010ea16 (phys)
  end    0x0010fd20 (phys)
Kernel executable memory footprint: 64KB
ebp:0x00007b08 eip:0x001009a6 args:0x00010094 0x00000000 0x00007b38 0x00100092 
    kern/debug/kdebug.c:306: print_stackframe+21
ebp:0x00007b18 eip:0x00100c9f args:0x00000000 0x00000000 0x00000000 0x00007b88 
    kern/debug/kmonitor.c:125: mon_backtrace+10
ebp:0x00007b38 eip:0x00100092 args:0x00000000 0x00007b60 0xffff0000 0x00007b64 
    kern/init/init.c:48: grade_backtrace2+33
ebp:0x00007b58 eip:0x001000bb args:0x00000000 0xffff0000 0x00007b84 0x00000029 
    kern/init/init.c:53: grade_backtrace1+38
ebp:0x00007b78 eip:0x001000d9 args:0x00000000 0x00100000 0xffff0000 0x0000001d 
    kern/init/init.c:58: grade_backtrace0+23
ebp:0x00007b98 eip:0x001000fe args:0x0010361c 0x00103600 0x0000130a 0x00000000 
    kern/init/init.c:63: grade_backtrace+34
ebp:0x00007bc8 eip:0x00100055 args:0x00000000 0x00000000 0x00000000 0x00010094 
    kern/init/init.c:28: kern_init+84
ebp:0x00007bf8 eip:0x00007d68 args:0xc031fcfa 0xc08ed88e 0x64e4d08e 0xfa7502a8 
    <unknow>: -- 0x00007d67 --
++ setup timer interrupts
100 ticks
End of Test.
kernel panic at kern/trap/trap.c:18:
    EOT: kernel seems ok.
Welcome to the kernel debug monitor!!
Type 'help' for a list of commands.
K> 